mode: set
gogs.itcloud.pro\SAS-project\sas\handlers\yandex\statistic.go:19.66,29.16 6 0
gogs.itcloud.pro\SAS-project\sas\handlers\yandex\statistic.go:33.2,34.16 2 0
gogs.itcloud.pro\SAS-project\sas\handlers\yandex\statistic.go:38.2,47.16 6 0
gogs.itcloud.pro\SAS-project\sas\handlers\yandex\statistic.go:53.2,57.31 2 0
gogs.itcloud.pro\SAS-project\sas\handlers\yandex\statistic.go:111.2,114.16 3 0
gogs.itcloud.pro\SAS-project\sas\handlers\yandex\statistic.go:119.2,119.19 1 0
gogs.itcloud.pro\SAS-project\sas\handlers\yandex\statistic.go:29.16,32.3 2 0
gogs.itcloud.pro\SAS-project\sas\handlers\yandex\statistic.go:34.16,37.3 2 0
gogs.itcloud.pro\SAS-project\sas\handlers\yandex\statistic.go:47.16,51.3 3 0
gogs.itcloud.pro\SAS-project\sas\handlers\yandex\statistic.go:57.31,59.49 1 0
gogs.itcloud.pro\SAS-project\sas\handlers\yandex\statistic.go:59.49,62.35 2 0
gogs.itcloud.pro\SAS-project\sas\handlers\yandex\statistic.go:90.4,90.42 1 0
gogs.itcloud.pro\SAS-project\sas\handlers\yandex\statistic.go:97.4,99.18 3 0
gogs.itcloud.pro\SAS-project\sas\handlers\yandex\statistic.go:104.4,104.47 1 0
gogs.itcloud.pro\SAS-project\sas\handlers\yandex\statistic.go:62.35,67.19 5 0
gogs.itcloud.pro\SAS-project\sas\handlers\yandex\statistic.go:72.5,72.65 1 0
gogs.itcloud.pro\SAS-project\sas\handlers\yandex\statistic.go:67.19,71.6 3 0
gogs.itcloud.pro\SAS-project\sas\handlers\yandex\statistic.go:72.65,77.20 5 0
gogs.itcloud.pro\SAS-project\sas\handlers\yandex\statistic.go:83.6,83.53 1 0
gogs.itcloud.pro\SAS-project\sas\handlers\yandex\statistic.go:77.20,81.7 3 0
gogs.itcloud.pro\SAS-project\sas\handlers\yandex\statistic.go:83.53,85.7 1 0
gogs.itcloud.pro\SAS-project\sas\handlers\yandex\statistic.go:90.42,92.5 1 0
gogs.itcloud.pro\SAS-project\sas\handlers\yandex\statistic.go:99.18,103.5 3 0
gogs.itcloud.pro\SAS-project\sas\handlers\yandex\statistic.go:114.16,117.3 2 0
gogs.itcloud.pro\SAS-project\sas\handlers\yandex\statistic.go:122.69,125.23 3 0
gogs.itcloud.pro\SAS-project\sas\handlers\yandex\statistic.go:162.2,162.24 1 0
gogs.itcloud.pro\SAS-project\sas\handlers\yandex\statistic.go:125.23,130.56 4 0
gogs.itcloud.pro\SAS-project\sas\handlers\yandex\statistic.go:135.3,141.17 7 0
gogs.itcloud.pro\SAS-project\sas\handlers\yandex\statistic.go:146.3,151.17 4 0
gogs.itcloud.pro\SAS-project\sas\handlers\yandex\statistic.go:156.3,157.17 2 0
gogs.itcloud.pro\SAS-project\sas\handlers\yandex\statistic.go:130.56,134.4 3 0
gogs.itcloud.pro\SAS-project\sas\handlers\yandex\statistic.go:141.17,145.4 3 0
gogs.itcloud.pro\SAS-project\sas\handlers\yandex\statistic.go:151.17,154.4 2 0
gogs.itcloud.pro\SAS-project\sas\handlers\yandex\statistic.go:157.17,160.4 2 0
gogs.itcloud.pro\SAS-project\sas\handlers\yandex\statistic.go:162.24,166.17 4 0
gogs.itcloud.pro\SAS-project\sas\handlers\yandex\statistic.go:171.3,172.17 2 0
gogs.itcloud.pro\SAS-project\sas\handlers\yandex\statistic.go:177.3,180.56 4 0
gogs.itcloud.pro\SAS-project\sas\handlers\yandex\statistic.go:185.3,189.17 5 0
gogs.itcloud.pro\SAS-project\sas\handlers\yandex\statistic.go:194.3,195.41 2 0
gogs.itcloud.pro\SAS-project\sas\handlers\yandex\statistic.go:198.3,200.17 3 0
gogs.itcloud.pro\SAS-project\sas\handlers\yandex\statistic.go:205.3,206.17 2 0
gogs.itcloud.pro\SAS-project\sas\handlers\yandex\statistic.go:211.3,211.20 1 0
gogs.itcloud.pro\SAS-project\sas\handlers\yandex\statistic.go:166.17,170.4 3 0
gogs.itcloud.pro\SAS-project\sas\handlers\yandex\statistic.go:172.17,176.4 3 0
gogs.itcloud.pro\SAS-project\sas\handlers\yandex\statistic.go:180.56,184.4 3 0
gogs.itcloud.pro\SAS-project\sas\handlers\yandex\statistic.go:189.17,193.4 3 0
gogs.itcloud.pro\SAS-project\sas\handlers\yandex\statistic.go:195.41,197.4 1 0
gogs.itcloud.pro\SAS-project\sas\handlers\yandex\statistic.go:200.17,204.4 3 0
gogs.itcloud.pro\SAS-project\sas\handlers\yandex\statistic.go:206.17,210.4 3 0
gogs.itcloud.pro\SAS-project\sas\handlers\yandex\accesstoken.go:18.67,24.29 5 0
gogs.itcloud.pro\SAS-project\sas\handlers\yandex\accesstoken.go:30.2,31.31 2 0
gogs.itcloud.pro\SAS-project\sas\handlers\yandex\accesstoken.go:36.2,41.16 5 0
gogs.itcloud.pro\SAS-project\sas\handlers\yandex\accesstoken.go:46.2,47.16 2 0
gogs.itcloud.pro\SAS-project\sas\handlers\yandex\accesstoken.go:53.2,61.16 8 0
gogs.itcloud.pro\SAS-project\sas\handlers\yandex\accesstoken.go:66.2,68.36 2 0
gogs.itcloud.pro\SAS-project\sas\handlers\yandex\accesstoken.go:140.2,142.16 3 0
gogs.itcloud.pro\SAS-project\sas\handlers\yandex\accesstoken.go:149.2,150.32 2 0
gogs.itcloud.pro\SAS-project\sas\handlers\yandex\accesstoken.go:155.2,160.8 4 0
gogs.itcloud.pro\SAS-project\sas\handlers\yandex\accesstoken.go:24.29,28.3 3 0
gogs.itcloud.pro\SAS-project\sas\handlers\yandex\accesstoken.go:31.31,35.3 3 0
gogs.itcloud.pro\SAS-project\sas\handlers\yandex\accesstoken.go:41.16,45.3 3 0
gogs.itcloud.pro\SAS-project\sas\handlers\yandex\accesstoken.go:47.16,50.3 2 0
gogs.itcloud.pro\SAS-project\sas\handlers\yandex\accesstoken.go:61.16,65.3 3 0
gogs.itcloud.pro\SAS-project\sas\handlers\yandex\accesstoken.go:68.36,72.17 4 0
gogs.itcloud.pro\SAS-project\sas\handlers\yandex\accesstoken.go:76.3,82.47 5 0
gogs.itcloud.pro\SAS-project\sas\handlers\yandex\accesstoken.go:126.3,126.34 1 0
gogs.itcloud.pro\SAS-project\sas\handlers\yandex\accesstoken.go:130.3,134.17 4 0
gogs.itcloud.pro\SAS-project\sas\handlers\yandex\accesstoken.go:138.3,138.9 1 0
gogs.itcloud.pro\SAS-project\sas\handlers\yandex\accesstoken.go:72.17,75.4 2 0
gogs.itcloud.pro\SAS-project\sas\handlers\yandex\accesstoken.go:82.47,83.14 1 0
gogs.itcloud.pro\SAS-project\sas\handlers\yandex\accesstoken.go:83.14,84.9 1 0
gogs.itcloud.pro\SAS-project\sas\handlers\yandex\accesstoken.go:84.9,86.13 2 0
gogs.itcloud.pro\SAS-project\sas\handlers\yandex\accesstoken.go:91.6,102.20 11 0
gogs.itcloud.pro\SAS-project\sas\handlers\yandex\accesstoken.go:108.6,109.36 2 0
gogs.itcloud.pro\SAS-project\sas\handlers\yandex\accesstoken.go:114.6,117.20 4 0
gogs.itcloud.pro\SAS-project\sas\handlers\yandex\accesstoken.go:86.13,89.7 2 0
gogs.itcloud.pro\SAS-project\sas\handlers\yandex\accesstoken.go:102.20,107.7 3 0
gogs.itcloud.pro\SAS-project\sas\handlers\yandex\accesstoken.go:109.36,113.7 3 0
gogs.itcloud.pro\SAS-project\sas\handlers\yandex\accesstoken.go:117.20,120.7 2 0
gogs.itcloud.pro\SAS-project\sas\handlers\yandex\accesstoken.go:126.34,128.4 1 0
gogs.itcloud.pro\SAS-project\sas\handlers\yandex\accesstoken.go:134.17,137.4 2 0
gogs.itcloud.pro\SAS-project\sas\handlers\yandex\accesstoken.go:142.16,146.3 3 0
gogs.itcloud.pro\SAS-project\sas\handlers\yandex\accesstoken.go:150.32,154.3 3 0
gogs.itcloud.pro\SAS-project\sas\handlers\yandex\addAccount.go:23.64,33.2 8 0
gogs.itcloud.pro\SAS-project\sas\handlers\yandex\addAccount.go:36.63,42.29 5 0
gogs.itcloud.pro\SAS-project\sas\handlers\yandex\addAccount.go:48.2,49.31 2 0
gogs.itcloud.pro\SAS-project\sas\handlers\yandex\addAccount.go:54.2,59.41 4 0
gogs.itcloud.pro\SAS-project\sas\handlers\yandex\addAccount.go:64.2,65.16 2 0
gogs.itcloud.pro\SAS-project\sas\handlers\yandex\addAccount.go:70.2,71.19 2 0
gogs.itcloud.pro\SAS-project\sas\handlers\yandex\addAccount.go:76.2,85.16 5 0
gogs.itcloud.pro\SAS-project\sas\handlers\yandex\addAccount.go:90.2,90.55 1 0
gogs.itcloud.pro\SAS-project\sas\handlers\yandex\addAccount.go:42.29,46.3 3 0
gogs.itcloud.pro\SAS-project\sas\handlers\yandex\addAccount.go:49.31,53.3 3 0
gogs.itcloud.pro\SAS-project\sas\handlers\yandex\addAccount.go:59.41,61.3 1 0
gogs.itcloud.pro\SAS-project\sas\handlers\yandex\addAccount.go:61.3,63.3 1 0
gogs.itcloud.pro\SAS-project\sas\handlers\yandex\addAccount.go:65.16,69.3 3 0
gogs.itcloud.pro\SAS-project\sas\handlers\yandex\addAccount.go:71.19,75.3 3 0
gogs.itcloud.pro\SAS-project\sas\handlers\yandex\addAccount.go:85.16,89.3 3 0
gogs.itcloud.pro\SAS-project\sas\handlers\yandex\addAccount.go:100.97,102.16 2 0
gogs.itcloud.pro\SAS-project\sas\handlers\yandex\addAccount.go:121.2,122.16 2 0
gogs.itcloud.pro\SAS-project\sas\handlers\yandex\addAccount.go:126.2,143.16 13 0
gogs.itcloud.pro\SAS-project\sas\handlers\yandex\addAccount.go:147.2,147.18 1 0
gogs.itcloud.pro\SAS-project\sas\handlers\yandex\addAccount.go:102.16,106.42 1 0
gogs.itcloud.pro\SAS-project\sas\handlers\yandex\addAccount.go:119.3,119.9 1 0
gogs.itcloud.pro\SAS-project\sas\handlers\yandex\addAccount.go:106.42,108.18 2 0
gogs.itcloud.pro\SAS-project\sas\handlers\yandex\addAccount.go:113.4,114.20 2 0
gogs.itcloud.pro\SAS-project\sas\handlers\yandex\addAccount.go:108.18,112.5 2 0
gogs.itcloud.pro\SAS-project\sas\handlers\yandex\addAccount.go:115.4,118.4 2 0
gogs.itcloud.pro\SAS-project\sas\handlers\yandex\addAccount.go:122.16,125.3 2 0
gogs.itcloud.pro\SAS-project\sas\handlers\yandex\addAccount.go:143.16,146.3 2 0
gogs.itcloud.pro\SAS-project\sas\handlers\yandex\addAccount.go:150.96,156.16 5 0
gogs.itcloud.pro\SAS-project\sas\handlers\yandex\addAccount.go:160.2,160.46 1 0
gogs.itcloud.pro\SAS-project\sas\handlers\yandex\addAccount.go:204.2,205.36 2 0
gogs.itcloud.pro\SAS-project\sas\handlers\yandex\addAccount.go:212.2,231.16 15 0
gogs.itcloud.pro\SAS-project\sas\handlers\yandex\addAccount.go:235.2,237.18 3 0
gogs.itcloud.pro\SAS-project\sas\handlers\yandex\addAccount.go:156.16,159.3 2 0
gogs.itcloud.pro\SAS-project\sas\handlers\yandex\addAccount.go:160.46,162.13 2 0
gogs.itcloud.pro\SAS-project\sas\handlers\yandex\addAccount.go:162.13,163.8 1 0
gogs.itcloud.pro\SAS-project\sas\handlers\yandex\addAccount.go:163.8,165.12 2 0
gogs.itcloud.pro\SAS-project\sas\handlers\yandex\addAccount.go:169.5,169.42 1 0
gogs.itcloud.pro\SAS-project\sas\handlers\yandex\addAccount.go:165.12,168.6 2 0
gogs.itcloud.pro\SAS-project\sas\handlers\yandex\addAccount.go:169.42,175.20 5 0
gogs.itcloud.pro\SAS-project\sas\handlers\yandex\addAccount.go:180.6,196.20 12 0
gogs.itcloud.pro\SAS-project\sas\handlers\yandex\addAccount.go:175.20,177.7 1 0
gogs.itcloud.pro\SAS-project\sas\handlers\yandex\addAccount.go:196.20,199.7 2 0
gogs.itcloud.pro\SAS-project\sas\handlers\yandex\addAccount.go:205.36,207.42 2 0
gogs.itcloud.pro\SAS-project\sas\handlers\yandex\addAccount.go:210.3,210.12 1 0
gogs.itcloud.pro\SAS-project\sas\handlers\yandex\addAccount.go:207.42,209.4 1 0
gogs.itcloud.pro\SAS-project\sas\handlers\yandex\addAccount.go:231.16,234.3 2 0
gogs.itcloud.pro\SAS-project\sas\handlers\yandex\addAccount.go:240.91,248.16 4 0
gogs.itcloud.pro\SAS-project\sas\handlers\yandex\addAccount.go:251.2,251.20 1 0
gogs.itcloud.pro\SAS-project\sas\handlers\yandex\addAccount.go:248.16,250.3 1 0
gogs.itcloud.pro\SAS-project\sas\handlers\yandex\addAccount.go:254.82,262.16 4 0
gogs.itcloud.pro\SAS-project\sas\handlers\yandex\addAccount.go:265.2,265.20 1 0
gogs.itcloud.pro\SAS-project\sas\handlers\yandex\addAccount.go:262.16,264.3 1 0
gogs.itcloud.pro\SAS-project\sas\handlers\yandex\addAccount.go:268.83,290.16 4 1
gogs.itcloud.pro\SAS-project\sas\handlers\yandex\addAccount.go:294.2,294.20 1 1
gogs.itcloud.pro\SAS-project\sas\handlers\yandex\addAccount.go:290.16,292.3 1 0
gogs.itcloud.pro\SAS-project\sas\handlers\yandex\authcode.go:17.71,32.2 9 0
gogs.itcloud.pro\SAS-project\sas\handlers\yandex\interfceAdder.go:48.76,50.16 2 0
gogs.itcloud.pro\SAS-project\sas\handlers\yandex\interfceAdder.go:56.2,58.16 3 0
gogs.itcloud.pro\SAS-project\sas\handlers\yandex\interfceAdder.go:63.2,64.19 2 0
gogs.itcloud.pro\SAS-project\sas\handlers\yandex\interfceAdder.go:69.2,73.16 5 0
gogs.itcloud.pro\SAS-project\sas\handlers\yandex\interfceAdder.go:50.16,54.3 3 0
gogs.itcloud.pro\SAS-project\sas\handlers\yandex\interfceAdder.go:58.16,62.3 3 0
gogs.itcloud.pro\SAS-project\sas\handlers\yandex\interfceAdder.go:64.19,68.3 3 0
gogs.itcloud.pro\SAS-project\sas\handlers\yandex\interfceAdder.go:73.16,77.3 3 0
gogs.itcloud.pro\SAS-project\sas\handlers\yandex\interfceAdder.go:79.69,84.21 3 1
gogs.itcloud.pro\SAS-project\sas\handlers\yandex\interfceAdder.go:87.2,88.29 2 1
gogs.itcloud.pro\SAS-project\sas\handlers\yandex\interfceAdder.go:91.2,93.31 3 1
gogs.itcloud.pro\SAS-project\sas\handlers\yandex\interfceAdder.go:96.2,98.15 2 1
gogs.itcloud.pro\SAS-project\sas\handlers\yandex\interfceAdder.go:84.21,86.3 1 0
gogs.itcloud.pro\SAS-project\sas\handlers\yandex\interfceAdder.go:88.29,90.3 1 1
gogs.itcloud.pro\SAS-project\sas\handlers\yandex\interfceAdder.go:93.31,95.3 1 1
gogs.itcloud.pro\SAS-project\sas\handlers\yandex\interfceAdder.go:100.70,102.16 2 1
gogs.itcloud.pro\SAS-project\sas\handlers\yandex\interfceAdder.go:106.2,114.16 8 1
gogs.itcloud.pro\SAS-project\sas\handlers\yandex\interfceAdder.go:118.2,121.16 4 1
gogs.itcloud.pro\SAS-project\sas\handlers\yandex\interfceAdder.go:125.2,126.16 2 1
gogs.itcloud.pro\SAS-project\sas\handlers\yandex\interfceAdder.go:130.2,131.95 2 1
gogs.itcloud.pro\SAS-project\sas\handlers\yandex\interfceAdder.go:135.2,135.45 1 1
gogs.itcloud.pro\SAS-project\sas\handlers\yandex\interfceAdder.go:146.2,147.16 2 1
gogs.itcloud.pro\SAS-project\sas\handlers\yandex\interfceAdder.go:151.2,151.19 1 1
gogs.itcloud.pro\SAS-project\sas\handlers\yandex\interfceAdder.go:102.16,104.3 1 0
gogs.itcloud.pro\SAS-project\sas\handlers\yandex\interfceAdder.go:114.16,117.3 2 0
gogs.itcloud.pro\SAS-project\sas\handlers\yandex\interfceAdder.go:121.16,124.3 2 0
gogs.itcloud.pro\SAS-project\sas\handlers\yandex\interfceAdder.go:126.16,129.3 2 0
gogs.itcloud.pro\SAS-project\sas\handlers\yandex\interfceAdder.go:131.95,134.3 2 1
gogs.itcloud.pro\SAS-project\sas\handlers\yandex\interfceAdder.go:135.45,139.17 4 1
gogs.itcloud.pro\SAS-project\sas\handlers\yandex\interfceAdder.go:143.3,144.105 2 1
gogs.itcloud.pro\SAS-project\sas\handlers\yandex\interfceAdder.go:139.17,142.4 2 0
gogs.itcloud.pro\SAS-project\sas\handlers\yandex\interfceAdder.go:147.16,150.3 2 1
gogs.itcloud.pro\SAS-project\sas\handlers\yandex\interfceAdder.go:154.75,156.16 2 0
gogs.itcloud.pro\SAS-project\sas\handlers\yandex\interfceAdder.go:179.2,180.16 2 0
gogs.itcloud.pro\SAS-project\sas\handlers\yandex\interfceAdder.go:184.2,201.16 13 0
gogs.itcloud.pro\SAS-project\sas\handlers\yandex\interfceAdder.go:205.2,206.18 2 0
gogs.itcloud.pro\SAS-project\sas\handlers\yandex\interfceAdder.go:156.16,160.42 1 0
gogs.itcloud.pro\SAS-project\sas\handlers\yandex\interfceAdder.go:177.3,177.9 1 0
gogs.itcloud.pro\SAS-project\sas\handlers\yandex\interfceAdder.go:160.42,166.18 6 0
gogs.itcloud.pro\SAS-project\sas\handlers\yandex\interfceAdder.go:171.4,172.20 2 0
gogs.itcloud.pro\SAS-project\sas\handlers\yandex\interfceAdder.go:166.18,170.5 2 0
gogs.itcloud.pro\SAS-project\sas\handlers\yandex\interfceAdder.go:173.4,176.4 2 0
gogs.itcloud.pro\SAS-project\sas\handlers\yandex\interfceAdder.go:180.16,183.3 2 0
gogs.itcloud.pro\SAS-project\sas\handlers\yandex\interfceAdder.go:201.16,204.3 2 0
gogs.itcloud.pro\SAS-project\sas\handlers\yandex\interfceAdder.go:209.70,210.71 1 0
gogs.itcloud.pro\SAS-project\sas\handlers\yandex\interfceAdder.go:210.71,212.17 2 0
gogs.itcloud.pro\SAS-project\sas\handlers\yandex\interfceAdder.go:218.3,220.17 3 0
gogs.itcloud.pro\SAS-project\sas\handlers\yandex\interfceAdder.go:225.3,226.20 2 0
gogs.itcloud.pro\SAS-project\sas\handlers\yandex\interfceAdder.go:231.3,235.17 5 0
gogs.itcloud.pro\SAS-project\sas\handlers\yandex\interfceAdder.go:212.17,216.4 3 0
gogs.itcloud.pro\SAS-project\sas\handlers\yandex\interfceAdder.go:220.17,224.4 3 0
gogs.itcloud.pro\SAS-project\sas\handlers\yandex\interfceAdder.go:226.20,230.4 3 0
gogs.itcloud.pro\SAS-project\sas\handlers\yandex\interfceAdder.go:235.17,239.4 3 0
gogs.itcloud.pro\SAS-project\sas\handlers\yandex\interfceAdder.go:242.74,252.16 9 0
gogs.itcloud.pro\SAS-project\sas\handlers\yandex\interfceAdder.go:256.2,256.46 1 0
gogs.itcloud.pro\SAS-project\sas\handlers\yandex\interfceAdder.go:300.2,301.37 2 0
gogs.itcloud.pro\SAS-project\sas\handlers\yandex\interfceAdder.go:308.2,327.16 15 0
gogs.itcloud.pro\SAS-project\sas\handlers\yandex\interfceAdder.go:331.2,333.18 3 0
gogs.itcloud.pro\SAS-project\sas\handlers\yandex\interfceAdder.go:252.16,255.3 2 0
gogs.itcloud.pro\SAS-project\sas\handlers\yandex\interfceAdder.go:256.46,258.13 2 0
gogs.itcloud.pro\SAS-project\sas\handlers\yandex\interfceAdder.go:258.13,259.8 1 0
gogs.itcloud.pro\SAS-project\sas\handlers\yandex\interfceAdder.go:259.8,261.12 2 0
gogs.itcloud.pro\SAS-project\sas\handlers\yandex\interfceAdder.go:265.5,265.53 1 0
gogs.itcloud.pro\SAS-project\sas\handlers\yandex\interfceAdder.go:261.12,264.6 2 0
gogs.itcloud.pro\SAS-project\sas\handlers\yandex\interfceAdder.go:265.53,271.20 5 0
gogs.itcloud.pro\SAS-project\sas\handlers\yandex\interfceAdder.go:276.6,292.20 12 0
gogs.itcloud.pro\SAS-project\sas\handlers\yandex\interfceAdder.go:271.20,273.7 1 0
gogs.itcloud.pro\SAS-project\sas\handlers\yandex\interfceAdder.go:292.20,295.7 2 0
gogs.itcloud.pro\SAS-project\sas\handlers\yandex\interfceAdder.go:301.37,303.43 2 0
gogs.itcloud.pro\SAS-project\sas\handlers\yandex\interfceAdder.go:306.3,306.13 1 0
gogs.itcloud.pro\SAS-project\sas\handlers\yandex\interfceAdder.go:303.43,305.4 1 0
gogs.itcloud.pro\SAS-project\sas\handlers\yandex\interfceAdder.go:327.16,330.3 2 0
gogs.itcloud.pro\SAS-project\sas\handlers\yandex\interfceAdder.go:335.76,353.16 8 0
gogs.itcloud.pro\SAS-project\sas\handlers\yandex\interfceAdder.go:356.2,356.20 1 0
gogs.itcloud.pro\SAS-project\sas\handlers\yandex\interfceAdder.go:353.16,355.3 1 0
gogs.itcloud.pro\SAS-project\sas\handlers\yandex\interfceAdder.go:358.77,376.16 8 1
gogs.itcloud.pro\SAS-project\sas\handlers\yandex\interfceAdder.go:379.2,379.20 1 1
gogs.itcloud.pro\SAS-project\sas\handlers\yandex\interfceAdder.go:376.16,378.3 1 0
gogs.itcloud.pro\SAS-project\sas\handlers\yandex\interfceAdder.go:381.85,393.16 8 0
gogs.itcloud.pro\SAS-project\sas\handlers\yandex\interfceAdder.go:396.2,396.20 1 0
gogs.itcloud.pro\SAS-project\sas\handlers\yandex\interfceAdder.go:393.16,395.3 1 0
gogs.itcloud.pro\SAS-project\sas\handlers\yandex\interfceAdder.go:398.54,401.2 1 0
gogs.itcloud.pro\SAS-project\sas\handlers\yandex\reports.go:13.68,16.16 3 0
gogs.itcloud.pro\SAS-project\sas\handlers\yandex\reports.go:22.2,29.16 6 0
gogs.itcloud.pro\SAS-project\sas\handlers\yandex\reports.go:34.2,39.16 4 0
gogs.itcloud.pro\SAS-project\sas\handlers\yandex\reports.go:44.2,45.16 2 0
gogs.itcloud.pro\SAS-project\sas\handlers\yandex\reports.go:50.2,50.24 1 0
gogs.itcloud.pro\SAS-project\sas\handlers\yandex\reports.go:16.16,20.3 3 0
gogs.itcloud.pro\SAS-project\sas\handlers\yandex\reports.go:29.16,33.3 3 0
gogs.itcloud.pro\SAS-project\sas\handlers\yandex\reports.go:39.16,42.3 2 0
gogs.itcloud.pro\SAS-project\sas\handlers\yandex\reports.go:45.16,48.3 2 0
gogs.itcloud.pro\SAS-project\sas\handlers\yandex\reports.go:50.24,52.3 1 0
gogs.itcloud.pro\SAS-project\sas\handlers\yandex\setParams.go:12.40,17.2 2 0
gogs.itcloud.pro\SAS-project\sas\handlers\yandex\campaings.go:18.70,20.16 2 0
gogs.itcloud.pro\SAS-project\sas\handlers\yandex\campaings.go:25.2,35.16 11 0
gogs.itcloud.pro\SAS-project\sas\handlers\yandex\campaings.go:40.2,48.16 5 0
gogs.itcloud.pro\SAS-project\sas\handlers\yandex\campaings.go:53.2,55.16 3 0
gogs.itcloud.pro\SAS-project\sas\handlers\yandex\campaings.go:60.2,61.16 2 0
gogs.itcloud.pro\SAS-project\sas\handlers\yandex\campaings.go:66.2,66.20 1 0
gogs.itcloud.pro\SAS-project\sas\handlers\yandex\campaings.go:20.16,24.3 3 0
gogs.itcloud.pro\SAS-project\sas\handlers\yandex\campaings.go:35.16,39.3 3 0
gogs.itcloud.pro\SAS-project\sas\handlers\yandex\campaings.go:48.16,52.3 3 0
gogs.itcloud.pro\SAS-project\sas\handlers\yandex\campaings.go:55.16,59.3 3 0
gogs.itcloud.pro\SAS-project\sas\handlers\yandex\campaings.go:61.16,65.3 3 0
gogs.itcloud.pro\SAS-project\sas\handlers\yandex\campaings.go:71.74,73.16 2 0
gogs.itcloud.pro\SAS-project\sas\handlers\yandex\campaings.go:79.2,81.16 3 0
gogs.itcloud.pro\SAS-project\sas\handlers\yandex\campaings.go:86.2,94.16 8 0
gogs.itcloud.pro\SAS-project\sas\handlers\yandex\campaings.go:99.2,101.16 3 0
gogs.itcloud.pro\SAS-project\sas\handlers\yandex\campaings.go:109.2,110.32 2 0
gogs.itcloud.pro\SAS-project\sas\handlers\yandex\campaings.go:115.2,117.16 3 0
gogs.itcloud.pro\SAS-project\sas\handlers\yandex\campaings.go:123.2,123.144 1 0
gogs.itcloud.pro\SAS-project\sas\handlers\yandex\campaings.go:73.16,77.3 3 0
gogs.itcloud.pro\SAS-project\sas\handlers\yandex\campaings.go:81.16,85.3 3 0
gogs.itcloud.pro\SAS-project\sas\handlers\yandex\campaings.go:94.16,98.3 3 0
gogs.itcloud.pro\SAS-project\sas\handlers\yandex\campaings.go:101.16,105.3 3 0
gogs.itcloud.pro\SAS-project\sas\handlers\yandex\campaings.go:110.32,114.3 3 0
gogs.itcloud.pro\SAS-project\sas\handlers\yandex\campaings.go:117.16,121.3 3 0
gogs.itcloud.pro\SAS-project\sas\handlers\yandex\submitCodeManually.go:16.75,19.16 2 0
gogs.itcloud.pro\SAS-project\sas\handlers\yandex\submitCodeManually.go:24.2,33.16 6 0
gogs.itcloud.pro\SAS-project\sas\handlers\yandex\submitCodeManually.go:38.2,39.16 2 0
gogs.itcloud.pro\SAS-project\sas\handlers\yandex\submitCodeManually.go:45.2,55.16 7 0
gogs.itcloud.pro\SAS-project\sas\handlers\yandex\submitCodeManually.go:60.2,62.36 2 0
gogs.itcloud.pro\SAS-project\sas\handlers\yandex\submitCodeManually.go:121.2,123.16 3 0
gogs.itcloud.pro\SAS-project\sas\handlers\yandex\submitCodeManually.go:128.2,129.32 2 0
gogs.itcloud.pro\SAS-project\sas\handlers\yandex\submitCodeManually.go:134.2,138.16 4 0
gogs.itcloud.pro\SAS-project\sas\handlers\yandex\submitCodeManually.go:143.2,144.16 2 0
gogs.itcloud.pro\SAS-project\sas\handlers\yandex\submitCodeManually.go:148.2,148.20 1 0
gogs.itcloud.pro\SAS-project\sas\handlers\yandex\submitCodeManually.go:19.16,23.3 3 0
gogs.itcloud.pro\SAS-project\sas\handlers\yandex\submitCodeManually.go:33.16,37.3 3 0
gogs.itcloud.pro\SAS-project\sas\handlers\yandex\submitCodeManually.go:39.16,42.3 2 0
gogs.itcloud.pro\SAS-project\sas\handlers\yandex\submitCodeManually.go:55.16,59.3 3 0
gogs.itcloud.pro\SAS-project\sas\handlers\yandex\submitCodeManually.go:62.36,69.17 4 0
gogs.itcloud.pro\SAS-project\sas\handlers\yandex\submitCodeManually.go:74.3,75.39 2 0
gogs.itcloud.pro\SAS-project\sas\handlers\yandex\submitCodeManually.go:78.3,88.41 5 0
gogs.itcloud.pro\SAS-project\sas\handlers\yandex\submitCodeManually.go:119.3,119.9 1 0
gogs.itcloud.pro\SAS-project\sas\handlers\yandex\submitCodeManually.go:69.17,72.4 2 0
gogs.itcloud.pro\SAS-project\sas\handlers\yandex\submitCodeManually.go:75.39,77.4 1 0
gogs.itcloud.pro\SAS-project\sas\handlers\yandex\submitCodeManually.go:88.41,100.18 10 0
gogs.itcloud.pro\SAS-project\sas\handlers\yandex\submitCodeManually.go:105.4,106.34 2 0
gogs.itcloud.pro\SAS-project\sas\handlers\yandex\submitCodeManually.go:111.4,114.18 3 0
gogs.itcloud.pro\SAS-project\sas\handlers\yandex\submitCodeManually.go:100.18,104.5 2 0
gogs.itcloud.pro\SAS-project\sas\handlers\yandex\submitCodeManually.go:106.34,110.5 3 0
gogs.itcloud.pro\SAS-project\sas\handlers\yandex\submitCodeManually.go:114.18,117.5 2 0
gogs.itcloud.pro\SAS-project\sas\handlers\yandex\submitCodeManually.go:123.16,127.3 3 0
gogs.itcloud.pro\SAS-project\sas\handlers\yandex\submitCodeManually.go:129.32,133.3 3 0
gogs.itcloud.pro\SAS-project\sas\handlers\yandex\submitCodeManually.go:138.16,141.3 2 0
gogs.itcloud.pro\SAS-project\sas\handlers\yandex\submitCodeManually.go:144.16,147.3 2 0
