mode: set
gogs.itcloud.pro\SAS-project\sas\handlers\yandex\addAccount.go:23.64,33.2 8 0
gogs.itcloud.pro\SAS-project\sas\handlers\yandex\addAccount.go:36.61,42.29 5 0
gogs.itcloud.pro\SAS-project\sas\handlers\yandex\addAccount.go:48.2,49.31 2 0
gogs.itcloud.pro\SAS-project\sas\handlers\yandex\addAccount.go:54.2,59.41 4 0
gogs.itcloud.pro\SAS-project\sas\handlers\yandex\addAccount.go:64.2,65.16 2 0
gogs.itcloud.pro\SAS-project\sas\handlers\yandex\addAccount.go:70.2,71.19 2 0
gogs.itcloud.pro\SAS-project\sas\handlers\yandex\addAccount.go:76.2,85.16 5 0
gogs.itcloud.pro\SAS-project\sas\handlers\yandex\addAccount.go:90.2,90.55 1 0
gogs.itcloud.pro\SAS-project\sas\handlers\yandex\addAccount.go:42.29,46.3 3 0
gogs.itcloud.pro\SAS-project\sas\handlers\yandex\addAccount.go:49.31,53.3 3 0
gogs.itcloud.pro\SAS-project\sas\handlers\yandex\addAccount.go:59.41,61.3 1 0
gogs.itcloud.pro\SAS-project\sas\handlers\yandex\addAccount.go:61.3,63.3 1 0
gogs.itcloud.pro\SAS-project\sas\handlers\yandex\addAccount.go:65.16,69.3 3 0
gogs.itcloud.pro\SAS-project\sas\handlers\yandex\addAccount.go:71.19,75.3 3 0
gogs.itcloud.pro\SAS-project\sas\handlers\yandex\addAccount.go:85.16,89.3 3 0
gogs.itcloud.pro\SAS-project\sas\handlers\yandex\addAccount.go:100.95,102.16 2 0
gogs.itcloud.pro\SAS-project\sas\handlers\yandex\addAccount.go:121.2,122.16 2 0
gogs.itcloud.pro\SAS-project\sas\handlers\yandex\addAccount.go:126.2,143.16 13 0
gogs.itcloud.pro\SAS-project\sas\handlers\yandex\addAccount.go:147.2,147.18 1 0
gogs.itcloud.pro\SAS-project\sas\handlers\yandex\addAccount.go:102.16,106.42 1 0
gogs.itcloud.pro\SAS-project\sas\handlers\yandex\addAccount.go:119.3,119.9 1 0
gogs.itcloud.pro\SAS-project\sas\handlers\yandex\addAccount.go:106.42,108.18 2 0
gogs.itcloud.pro\SAS-project\sas\handlers\yandex\addAccount.go:113.4,114.20 2 0
gogs.itcloud.pro\SAS-project\sas\handlers\yandex\addAccount.go:108.18,112.5 2 0
gogs.itcloud.pro\SAS-project\sas\handlers\yandex\addAccount.go:115.4,118.4 2 0
gogs.itcloud.pro\SAS-project\sas\handlers\yandex\addAccount.go:122.16,125.3 2 0
gogs.itcloud.pro\SAS-project\sas\handlers\yandex\addAccount.go:143.16,146.3 2 0
gogs.itcloud.pro\SAS-project\sas\handlers\yandex\addAccount.go:150.94,156.16 5 0
gogs.itcloud.pro\SAS-project\sas\handlers\yandex\addAccount.go:160.2,160.46 1 0
gogs.itcloud.pro\SAS-project\sas\handlers\yandex\addAccount.go:204.2,205.36 2 0
gogs.itcloud.pro\SAS-project\sas\handlers\yandex\addAccount.go:212.2,231.16 15 0
gogs.itcloud.pro\SAS-project\sas\handlers\yandex\addAccount.go:235.2,237.18 3 0
gogs.itcloud.pro\SAS-project\sas\handlers\yandex\addAccount.go:156.16,159.3 2 0
gogs.itcloud.pro\SAS-project\sas\handlers\yandex\addAccount.go:160.46,162.13 2 0
gogs.itcloud.pro\SAS-project\sas\handlers\yandex\addAccount.go:162.13,163.8 1 0
gogs.itcloud.pro\SAS-project\sas\handlers\yandex\addAccount.go:163.8,165.12 2 0
gogs.itcloud.pro\SAS-project\sas\handlers\yandex\addAccount.go:169.5,169.42 1 0
gogs.itcloud.pro\SAS-project\sas\handlers\yandex\addAccount.go:165.12,168.6 2 0
gogs.itcloud.pro\SAS-project\sas\handlers\yandex\addAccount.go:169.42,175.20 5 0
gogs.itcloud.pro\SAS-project\sas\handlers\yandex\addAccount.go:180.6,196.20 12 0
gogs.itcloud.pro\SAS-project\sas\handlers\yandex\addAccount.go:175.20,177.7 1 0
gogs.itcloud.pro\SAS-project\sas\handlers\yandex\addAccount.go:196.20,199.7 2 0
gogs.itcloud.pro\SAS-project\sas\handlers\yandex\addAccount.go:205.36,207.42 2 0
gogs.itcloud.pro\SAS-project\sas\handlers\yandex\addAccount.go:210.3,210.12 1 0
gogs.itcloud.pro\SAS-project\sas\handlers\yandex\addAccount.go:207.42,209.4 1 0
gogs.itcloud.pro\SAS-project\sas\handlers\yandex\addAccount.go:231.16,234.3 2 0
gogs.itcloud.pro\SAS-project\sas\handlers\yandex\addAccount.go:240.89,248.16 4 0
gogs.itcloud.pro\SAS-project\sas\handlers\yandex\addAccount.go:251.2,251.20 1 0
gogs.itcloud.pro\SAS-project\sas\handlers\yandex\addAccount.go:248.16,250.3 1 0
gogs.itcloud.pro\SAS-project\sas\handlers\yandex\addAccount.go:254.80,262.16 4 0
gogs.itcloud.pro\SAS-project\sas\handlers\yandex\addAccount.go:265.2,265.20 1 0
gogs.itcloud.pro\SAS-project\sas\handlers\yandex\addAccount.go:262.16,264.3 1 0
gogs.itcloud.pro\SAS-project\sas\handlers\yandex\addAccount.go:268.81,290.16 4 1
gogs.itcloud.pro\SAS-project\sas\handlers\yandex\addAccount.go:294.2,294.20 1 1
gogs.itcloud.pro\SAS-project\sas\handlers\yandex\addAccount.go:290.16,292.3 1 0
gogs.itcloud.pro\SAS-project\sas\handlers\yandex\setParams.go:12.40,17.2 2 0
gogs.itcloud.pro\SAS-project\sas\handlers\yandex\submitCodeManually.go:16.75,19.16 2 0
gogs.itcloud.pro\SAS-project\sas\handlers\yandex\submitCodeManually.go:24.2,33.16 6 0
gogs.itcloud.pro\SAS-project\sas\handlers\yandex\submitCodeManually.go:38.2,39.16 2 0
gogs.itcloud.pro\SAS-project\sas\handlers\yandex\submitCodeManually.go:45.2,55.16 7 0
gogs.itcloud.pro\SAS-project\sas\handlers\yandex\submitCodeManually.go:60.2,62.36 2 0
gogs.itcloud.pro\SAS-project\sas\handlers\yandex\submitCodeManually.go:121.2,123.16 3 0
gogs.itcloud.pro\SAS-project\sas\handlers\yandex\submitCodeManually.go:128.2,129.32 2 0
gogs.itcloud.pro\SAS-project\sas\handlers\yandex\submitCodeManually.go:134.2,138.16 4 0
gogs.itcloud.pro\SAS-project\sas\handlers\yandex\submitCodeManually.go:143.2,144.16 2 0
gogs.itcloud.pro\SAS-project\sas\handlers\yandex\submitCodeManually.go:148.2,148.20 1 0
gogs.itcloud.pro\SAS-project\sas\handlers\yandex\submitCodeManually.go:19.16,23.3 3 0
gogs.itcloud.pro\SAS-project\sas\handlers\yandex\submitCodeManually.go:33.16,37.3 3 0
gogs.itcloud.pro\SAS-project\sas\handlers\yandex\submitCodeManually.go:39.16,42.3 2 0
gogs.itcloud.pro\SAS-project\sas\handlers\yandex\submitCodeManually.go:55.16,59.3 3 0
gogs.itcloud.pro\SAS-project\sas\handlers\yandex\submitCodeManually.go:62.36,69.17 4 0
gogs.itcloud.pro\SAS-project\sas\handlers\yandex\submitCodeManually.go:74.3,75.39 2 0
gogs.itcloud.pro\SAS-project\sas\handlers\yandex\submitCodeManually.go:78.3,88.41 5 0
gogs.itcloud.pro\SAS-project\sas\handlers\yandex\submitCodeManually.go:119.3,119.9 1 0
gogs.itcloud.pro\SAS-project\sas\handlers\yandex\submitCodeManually.go:69.17,72.4 2 0
gogs.itcloud.pro\SAS-project\sas\handlers\yandex\submitCodeManually.go:75.39,77.4 1 0
gogs.itcloud.pro\SAS-project\sas\handlers\yandex\submitCodeManually.go:88.41,100.18 10 0
gogs.itcloud.pro\SAS-project\sas\handlers\yandex\submitCodeManually.go:105.4,106.34 2 0
gogs.itcloud.pro\SAS-project\sas\handlers\yandex\submitCodeManually.go:111.4,114.18 3 0
gogs.itcloud.pro\SAS-project\sas\handlers\yandex\submitCodeManually.go:100.18,104.5 2 0
gogs.itcloud.pro\SAS-project\sas\handlers\yandex\submitCodeManually.go:106.34,110.5 3 0
gogs.itcloud.pro\SAS-project\sas\handlers\yandex\submitCodeManually.go:114.18,117.5 2 0
gogs.itcloud.pro\SAS-project\sas\handlers\yandex\submitCodeManually.go:123.16,127.3 3 0
gogs.itcloud.pro\SAS-project\sas\handlers\yandex\submitCodeManually.go:129.32,133.3 3 0
gogs.itcloud.pro\SAS-project\sas\handlers\yandex\submitCodeManually.go:138.16,141.3 2 0
gogs.itcloud.pro\SAS-project\sas\handlers\yandex\submitCodeManually.go:144.16,147.3 2 0
gogs.itcloud.pro\SAS-project\sas\handlers\yandex\reports.go:13.68,16.16 2 0
gogs.itcloud.pro\SAS-project\sas\handlers\yandex\reports.go:21.2,24.16 4 0
gogs.itcloud.pro\SAS-project\sas\handlers\yandex\reports.go:30.2,37.16 6 0
gogs.itcloud.pro\SAS-project\sas\handlers\yandex\reports.go:42.2,47.16 4 0
gogs.itcloud.pro\SAS-project\sas\handlers\yandex\reports.go:52.2,53.16 2 0
gogs.itcloud.pro\SAS-project\sas\handlers\yandex\reports.go:58.2,58.24 1 0
gogs.itcloud.pro\SAS-project\sas\handlers\yandex\reports.go:16.16,20.3 3 0
gogs.itcloud.pro\SAS-project\sas\handlers\yandex\reports.go:24.16,28.3 3 0
gogs.itcloud.pro\SAS-project\sas\handlers\yandex\reports.go:37.16,41.3 3 0
gogs.itcloud.pro\SAS-project\sas\handlers\yandex\reports.go:47.16,50.3 2 0
gogs.itcloud.pro\SAS-project\sas\handlers\yandex\reports.go:53.16,56.3 2 0
gogs.itcloud.pro\SAS-project\sas\handlers\yandex\reports.go:58.24,60.3 1 0
gogs.itcloud.pro\SAS-project\sas\handlers\yandex\statistic.go:18.66,20.16 2 0
gogs.itcloud.pro\SAS-project\sas\handlers\yandex\statistic.go:26.2,27.16 2 0
gogs.itcloud.pro\SAS-project\sas\handlers\yandex\statistic.go:32.2,38.16 5 0
gogs.itcloud.pro\SAS-project\sas\handlers\yandex\statistic.go:42.2,43.16 2 0
gogs.itcloud.pro\SAS-project\sas\handlers\yandex\statistic.go:47.2,56.16 6 0
gogs.itcloud.pro\SAS-project\sas\handlers\yandex\statistic.go:62.2,66.31 2 0
gogs.itcloud.pro\SAS-project\sas\handlers\yandex\statistic.go:120.2,123.16 3 0
gogs.itcloud.pro\SAS-project\sas\handlers\yandex\statistic.go:128.2,128.19 1 0
gogs.itcloud.pro\SAS-project\sas\handlers\yandex\statistic.go:20.16,24.3 3 0
gogs.itcloud.pro\SAS-project\sas\handlers\yandex\statistic.go:27.16,31.3 3 0
gogs.itcloud.pro\SAS-project\sas\handlers\yandex\statistic.go:38.16,41.3 2 0
gogs.itcloud.pro\SAS-project\sas\handlers\yandex\statistic.go:43.16,46.3 2 0
gogs.itcloud.pro\SAS-project\sas\handlers\yandex\statistic.go:56.16,60.3 3 0
gogs.itcloud.pro\SAS-project\sas\handlers\yandex\statistic.go:66.31,68.49 1 0
gogs.itcloud.pro\SAS-project\sas\handlers\yandex\statistic.go:68.49,71.35 2 0
gogs.itcloud.pro\SAS-project\sas\handlers\yandex\statistic.go:99.4,99.42 1 0
gogs.itcloud.pro\SAS-project\sas\handlers\yandex\statistic.go:106.4,108.18 3 0
gogs.itcloud.pro\SAS-project\sas\handlers\yandex\statistic.go:113.4,113.47 1 0
gogs.itcloud.pro\SAS-project\sas\handlers\yandex\statistic.go:71.35,76.19 5 0
gogs.itcloud.pro\SAS-project\sas\handlers\yandex\statistic.go:81.5,81.65 1 0
gogs.itcloud.pro\SAS-project\sas\handlers\yandex\statistic.go:76.19,80.6 3 0
gogs.itcloud.pro\SAS-project\sas\handlers\yandex\statistic.go:81.65,86.20 5 0
gogs.itcloud.pro\SAS-project\sas\handlers\yandex\statistic.go:92.6,92.53 1 0
gogs.itcloud.pro\SAS-project\sas\handlers\yandex\statistic.go:86.20,90.7 3 0
gogs.itcloud.pro\SAS-project\sas\handlers\yandex\statistic.go:92.53,94.7 1 0
gogs.itcloud.pro\SAS-project\sas\handlers\yandex\statistic.go:99.42,101.5 1 0
gogs.itcloud.pro\SAS-project\sas\handlers\yandex\statistic.go:108.18,112.5 3 0
gogs.itcloud.pro\SAS-project\sas\handlers\yandex\statistic.go:123.16,126.3 2 0
gogs.itcloud.pro\SAS-project\sas\handlers\yandex\accesstoken.go:18.67,24.29 5 0
gogs.itcloud.pro\SAS-project\sas\handlers\yandex\accesstoken.go:30.2,31.31 2 0
gogs.itcloud.pro\SAS-project\sas\handlers\yandex\accesstoken.go:36.2,41.16 5 0
gogs.itcloud.pro\SAS-project\sas\handlers\yandex\accesstoken.go:46.2,47.16 2 0
gogs.itcloud.pro\SAS-project\sas\handlers\yandex\accesstoken.go:53.2,61.16 8 0
gogs.itcloud.pro\SAS-project\sas\handlers\yandex\accesstoken.go:66.2,68.36 2 0
gogs.itcloud.pro\SAS-project\sas\handlers\yandex\accesstoken.go:140.2,142.16 3 0
gogs.itcloud.pro\SAS-project\sas\handlers\yandex\accesstoken.go:149.2,150.32 2 0
gogs.itcloud.pro\SAS-project\sas\handlers\yandex\accesstoken.go:155.2,160.8 4 0
gogs.itcloud.pro\SAS-project\sas\handlers\yandex\accesstoken.go:24.29,28.3 3 0
gogs.itcloud.pro\SAS-project\sas\handlers\yandex\accesstoken.go:31.31,35.3 3 0
gogs.itcloud.pro\SAS-project\sas\handlers\yandex\accesstoken.go:41.16,45.3 3 0
gogs.itcloud.pro\SAS-project\sas\handlers\yandex\accesstoken.go:47.16,50.3 2 0
gogs.itcloud.pro\SAS-project\sas\handlers\yandex\accesstoken.go:61.16,65.3 3 0
gogs.itcloud.pro\SAS-project\sas\handlers\yandex\accesstoken.go:68.36,72.17 4 0
gogs.itcloud.pro\SAS-project\sas\handlers\yandex\accesstoken.go:76.3,82.47 5 0
gogs.itcloud.pro\SAS-project\sas\handlers\yandex\accesstoken.go:126.3,126.34 1 0
gogs.itcloud.pro\SAS-project\sas\handlers\yandex\accesstoken.go:130.3,134.17 4 0
gogs.itcloud.pro\SAS-project\sas\handlers\yandex\accesstoken.go:138.3,138.9 1 0
gogs.itcloud.pro\SAS-project\sas\handlers\yandex\accesstoken.go:72.17,75.4 2 0
gogs.itcloud.pro\SAS-project\sas\handlers\yandex\accesstoken.go:82.47,83.14 1 0
gogs.itcloud.pro\SAS-project\sas\handlers\yandex\accesstoken.go:83.14,84.9 1 0
gogs.itcloud.pro\SAS-project\sas\handlers\yandex\accesstoken.go:84.9,86.13 2 0
gogs.itcloud.pro\SAS-project\sas\handlers\yandex\accesstoken.go:91.6,102.20 11 0
gogs.itcloud.pro\SAS-project\sas\handlers\yandex\accesstoken.go:108.6,109.36 2 0
gogs.itcloud.pro\SAS-project\sas\handlers\yandex\accesstoken.go:114.6,117.20 4 0
gogs.itcloud.pro\SAS-project\sas\handlers\yandex\accesstoken.go:86.13,89.7 2 0
gogs.itcloud.pro\SAS-project\sas\handlers\yandex\accesstoken.go:102.20,107.7 3 0
gogs.itcloud.pro\SAS-project\sas\handlers\yandex\accesstoken.go:109.36,113.7 3 0
gogs.itcloud.pro\SAS-project\sas\handlers\yandex\accesstoken.go:117.20,120.7 2 0
gogs.itcloud.pro\SAS-project\sas\handlers\yandex\accesstoken.go:126.34,128.4 1 0
gogs.itcloud.pro\SAS-project\sas\handlers\yandex\accesstoken.go:134.17,137.4 2 0
gogs.itcloud.pro\SAS-project\sas\handlers\yandex\accesstoken.go:142.16,146.3 3 0
gogs.itcloud.pro\SAS-project\sas\handlers\yandex\accesstoken.go:150.32,154.3 3 0
gogs.itcloud.pro\SAS-project\sas\handlers\yandex\authcode.go:17.71,32.2 9 0
gogs.itcloud.pro\SAS-project\sas\handlers\yandex\campaings.go:18.70,20.16 2 0
gogs.itcloud.pro\SAS-project\sas\handlers\yandex\campaings.go:25.2,35.16 11 0
gogs.itcloud.pro\SAS-project\sas\handlers\yandex\campaings.go:40.2,48.16 5 0
gogs.itcloud.pro\SAS-project\sas\handlers\yandex\campaings.go:53.2,55.16 3 0
gogs.itcloud.pro\SAS-project\sas\handlers\yandex\campaings.go:60.2,61.16 2 0
gogs.itcloud.pro\SAS-project\sas\handlers\yandex\campaings.go:66.2,66.20 1 0
gogs.itcloud.pro\SAS-project\sas\handlers\yandex\campaings.go:20.16,24.3 3 0
gogs.itcloud.pro\SAS-project\sas\handlers\yandex\campaings.go:35.16,39.3 3 0
gogs.itcloud.pro\SAS-project\sas\handlers\yandex\campaings.go:48.16,52.3 3 0
gogs.itcloud.pro\SAS-project\sas\handlers\yandex\campaings.go:55.16,59.3 3 0
gogs.itcloud.pro\SAS-project\sas\handlers\yandex\campaings.go:61.16,65.3 3 0
gogs.itcloud.pro\SAS-project\sas\handlers\yandex\campaings.go:71.74,73.16 2 0
gogs.itcloud.pro\SAS-project\sas\handlers\yandex\campaings.go:79.2,81.16 3 0
gogs.itcloud.pro\SAS-project\sas\handlers\yandex\campaings.go:86.2,94.16 8 0
gogs.itcloud.pro\SAS-project\sas\handlers\yandex\campaings.go:99.2,101.16 3 0
gogs.itcloud.pro\SAS-project\sas\handlers\yandex\campaings.go:109.2,110.32 2 0
gogs.itcloud.pro\SAS-project\sas\handlers\yandex\campaings.go:115.2,117.16 3 0
gogs.itcloud.pro\SAS-project\sas\handlers\yandex\campaings.go:123.2,123.144 1 0
gogs.itcloud.pro\SAS-project\sas\handlers\yandex\campaings.go:73.16,77.3 3 0
gogs.itcloud.pro\SAS-project\sas\handlers\yandex\campaings.go:81.16,85.3 3 0
gogs.itcloud.pro\SAS-project\sas\handlers\yandex\campaings.go:94.16,98.3 3 0
gogs.itcloud.pro\SAS-project\sas\handlers\yandex\campaings.go:101.16,105.3 3 0
gogs.itcloud.pro\SAS-project\sas\handlers\yandex\campaings.go:110.32,114.3 3 0
gogs.itcloud.pro\SAS-project\sas\handlers\yandex\campaings.go:117.16,121.3 3 0
